This file contains any messages produced by compilers while
running configure, to aid debugging if configure makes a mistake.

It was created by tag configure 0.01, which was
generated by GNU Autoconf 2.69.  Invocation command line was

  $ ./configure 

## --------- ##
## Platform. ##
## --------- ##

hostname = fire
uname -m = x86_64
uname -r = 5.4.0-66-generic
uname -s = Linux
uname -v = #74-Ubuntu SMP Wed Jan 27 22:54:38 UTC 2021

/usr/bin/uname -p = x86_64
/bin/uname -X     = unknown

/bin/arch              = x86_64
/usr/bin/arch -k       = unknown
/usr/convex/getsysinfo = unknown
/usr/bin/hostinfo      = unknown
/bin/machine           = unknown
/usr/bin/oslevel       = unknown
/bin/universe          = unknown

PATH: /usr/local/sbin
PATH: /usr/local/bin
PATH: /usr/sbin
PATH: /usr/bin
PATH: /sbin
PATH: /bin
PATH: /usr/games
PATH: /usr/local/games
PATH: /snap/bin


## ----------- ##
## Core tests. ##
## ----------- ##

configure:2150: checking for gcc
configure:2166: found /usr/bin/gcc
configure:2177: result: gcc
configure:2406: checking for C compiler version
configure:2415: gcc --version >&5
gcc (Ubuntu 9.3.0-17ubuntu1~20.04) 9.3.0
Copyright (C) 2019 Free Software Foundation, Inc.
This is free software; see the source for copying conditions.  There is NO
warranty; not even for MERCHANTABILITY or FITNESS FOR A PARTICULAR PURPOSE.

configure:2426: $? = 0
configure:2415: gcc -v >&5
Using built-in specs.
COLLECT_GCC=gcc
COLLECT_LTO_WRAPPER=/usr/lib/gcc/x86_64-linux-gnu/9/lto-wrapper
OFFLOAD_TARGET_NAMES=nvptx-none:hsa
OFFLOAD_TARGET_DEFAULT=1
Target: x86_64-linux-gnu
Configured with: ../src/configure -v --with-pkgversion='Ubuntu 9.3.0-17ubuntu1~20.04' --with-bugurl=file:///usr/share/doc/gcc-9/README.Bugs --enable-languages=c,ada,c++,go,brig,d,fortran,objc,obj-c++,gm2 --prefix=/usr --with-gcc-major-version-only --program-suffix=-9 --program-prefix=x86_64-linux-gnu- --enable-shared --enable-linker-build-id --libexecdir=/usr/lib --without-included-gettext --enable-threads=posix --libdir=/usr/lib --enable-nls --enable-clocale=gnu --enable-libstdcxx-debug --enable-libstdcxx-time=yes --with-default-libstdcxx-abi=new --enable-gnu-unique-object --disable-vtable-verify --enable-plugin --enable-default-pie --with-system-zlib --with-target-system-zlib=auto --enable-objc-gc=auto --enable-multiarch --disable-werror --with-arch-32=i686 --with-abi=m64 --with-multilib-list=m32,m64,mx32 --enable-multilib --with-tune=generic --enable-offload-targets=nvptx-none=/build/gcc-9-HskZEa/gcc-9-9.3.0/debian/tmp-nvptx/usr,hsa --without-cuda-driver --enable-checking=release --build=x86_64-linux-gnu --host=x86_64-linux-gnu --target=x86_64-linux-gnu
Thread model: posix
gcc version 9.3.0 (Ubuntu 9.3.0-17ubuntu1~20.04) 
configure:2426: $? = 0
configure:2415: gcc -V >&5
gcc: error: unrecognized command line option '-V'
gcc: fatal error: no input files
compilation terminated.
configure:2426: $? = 1
configure:2415: gcc -qversion >&5
gcc: error: unrecognized command line option '-qversion'; did you mean '--version'?
gcc: fatal error: no input files
compilation terminated.
configure:2426: $? = 1
configure:2446: checking whether the C compiler works
configure:2468: gcc    conftest.c  >&5
configure:2472: $? = 0
configure:2520: result: yes
configure:2523: checking for C compiler default output file name
configure:2525: result: a.out
configure:2531: checking for suffix of executables
configure:2538: gcc -o conftest    conftest.c  >&5
configure:2542: $? = 0
configure:2564: result: 
configure:2586: checking whether we are cross compiling
configure:2594: gcc -o conftest    conftest.c  >&5
configure:2598: $? = 0
configure:2605: ./conftest
configure:2609: $? = 0
configure:2597: result: no
configure:2602: checking for suffix of object files
configure:2624: gcc -c   conftest.c >&5
configure:2628: $? = 0
configure:2649: result: o
configure:2653: checking whether we are using the GNU C compiler
configure:2672: gcc -c   conftest.c >&5
configure:2672: $? = 0
configure:2681: result: yes
configure:2690: checking whether gcc accepts -g
configure:2710: gcc -c -g  conftest.c >&5
configure:2710: $? = 0
configure:2751: result: yes
configure:2768: checking for gcc option to accept ISO C89
configure:2831: gcc  -c -g -O2  conftest.c >&5
configure:2831: $? = 0
configure:2844: result: none needed
configure:2869: checking whether gcc understands -c and -o together
configure:2891: gcc -c conftest.c -o conftest2.o
configure:2894: $? = 0
configure:2891: gcc -c conftest.c -o conftest2.o
configure:2894: $? = 0
configure:2906: result: yes
configure:2929: checking how to run the C preprocessor
configure:2960: gcc -E  conftest.c
configure:2960: $? = 0
configure:2974: gcc -E  conftest.c
conftest.c:9:10: fatal error: ac_nonexistent.h: No such file or directory
    9 | #include <ac_nonexistent.h>
      |          ^~~~~~~~~~~~~~~~~~
compilation terminated.
configure:2974: $? = 1
configure: failed program was:
| /* confdefs.h */
| #define PACKAGE_NAME "tag"
| #define PACKAGE_TARNAME "tag"
| #define PACKAGE_VERSION "0.01"
| #define PACKAGE_STRING "tag 0.01"
| #define PACKAGE_BUGREPORT "brian8181@gmail.com"
| #define PACKAGE_URL "http://brian8181.com"
| /* end confdefs.h.  */
| #include <ac_nonexistent.h>
configure:2999: result: gcc -E
configure:3019: gcc -E  conftest.c
configure:3019: $? = 0
configure:3033: gcc -E  conftest.c
conftest.c:9:10: fatal error: ac_nonexistent.h: No such file or directory
    9 | #include <ac_nonexistent.h>
      |          ^~~~~~~~~~~~~~~~~~
compilation terminated.
configure:3033: $? = 1
configure: failed program was:
| /* confdefs.h */
| #define PACKAGE_NAME "tag"
| #define PACKAGE_TARNAME "tag"
| #define PACKAGE_VERSION "0.01"
| #define PACKAGE_STRING "tag 0.01"
| #define PACKAGE_BUGREPORT "brian8181@gmail.com"
| #define PACKAGE_URL "http://brian8181.com"
| /* end confdefs.h.  */
| #include <ac_nonexistent.h>
configure:3062: checking for grep that handles long lines and -e
configure:3120: result: /usr/bin/grep
configure:3125: checking for egrep
configure:3187: result: /usr/bin/grep -E
configure:3192: checking for ANSI C header files
configure:3212: gcc -c -g -O2  conftest.c >&5
configure:3212: $? = 0
configure:3285: gcc -o conftest -g -O2   conftest.c  >&5
configure:3285: $? = 0
configure:3285: ./conftest
configure:3285: $? = 0
configure:3296: result: yes
configure:3309: checking for sys/types.h
configure:3309: gcc -c -g -O2  conftest.c >&5
configure:3309: $? = 0
configure:3309: result: yes
configure:3309: checking for sys/stat.h
configure:3309: gcc -c -g -O2  conftest.c >&5
configure:3309: $? = 0
configure:3309: result: yes
configure:3309: checking for stdlib.h
configure:3309: gcc -c -g -O2  conftest.c >&5
configure:3309: $? = 0
configure:3309: result: yes
configure:3309: checking for string.h
configure:3309: gcc -c -g -O2  conftest.c >&5
configure:3309: $? = 0
configure:3309: result: yes
configure:3309: checking for memory.h
configure:3309: gcc -c -g -O2  conftest.c >&5
configure:3309: $? = 0
configure:3309: result: yes
configure:3309: checking for strings.h
configure:3309: gcc -c -g -O2  conftest.c >&5
configure:3309: $? = 0
configure:3309: result: yes
configure:3309: checking for inttypes.h
configure:3309: gcc -c -g -O2  conftest.c >&5
configure:3309: $? = 0
configure:3309: result: yes
configure:3309: checking for stdint.h
configure:3309: gcc -c -g -O2  conftest.c >&5
configure:3309: $? = 0
configure:3309: result: yes
configure:3309: checking for unistd.h
configure:3309: gcc -c -g -O2  conftest.c >&5
configure:3309: $? = 0
configure:3309: result: yes
configure:3321: checking for stdbool.h that conforms to C99
configure:3388: gcc -c -g -O2  conftest.c >&5
configure:3388: $? = 0
configure:3395: result: yes
configure:3397: checking for _Bool
configure:3397: gcc -c -g -O2  conftest.c >&5
configure:3397: $? = 0
configure:3397: gcc -c -g -O2  conftest.c >&5
conftest.c: In function 'main':
conftest.c:55:20: error: expected expression before ')' token
   55 | if (sizeof ((_Bool)))
      |                    ^
configure:3397: $? = 1
configure: failed program was:
| /* confdefs.h */
| #define PACKAGE_NAME "tag"
| #define PACKAGE_TARNAME "tag"
| #define PACKAGE_VERSION "0.01"
| #define PACKAGE_STRING "tag 0.01"
| #define PACKAGE_BUGREPORT "brian8181@gmail.com"
| #define PACKAGE_URL "http://brian8181.com"
| #define STDC_HEADERS 1
| #define HAVE_SYS_TYPES_H 1
| #define HAVE_SYS_STAT_H 1
| #define HAVE_STDLIB_H 1
| #define HAVE_STRING_H 1
| #define HAVE_MEMORY_H 1
| #define HAVE_STRINGS_H 1
| #define HAVE_INTTYPES_H 1
| #define HAVE_STDINT_H 1
| #define HAVE_UNISTD_H 1
| /* end confdefs.h.  */
| #include <stdio.h>
| #ifdef HAVE_SYS_TYPES_H
| # include <sys/types.h>
| #endif
| #ifdef HAVE_SYS_STAT_H
| # include <sys/stat.h>
| #endif
| #ifdef STDC_HEADERS
| # include <stdlib.h>
| # include <stddef.h>
| #else
| # ifdef HAVE_STDLIB_H
| #  include <stdlib.h>
| # endif
| #endif
| #ifdef HAVE_STRING_H
| # if !defined STDC_HEADERS && defined HAVE_MEMORY_H
| #  include <memory.h>
| # endif
| # include <string.h>
| #endif
| #ifdef HAVE_STRINGS_H
| # include <strings.h>
| #endif
| #ifdef HAVE_INTTYPES_H
| # include <inttypes.h>
| #endif
| #ifdef HAVE_STDINT_H
| # include <stdint.h>
| #endif
| #ifdef HAVE_UNISTD_H
| # include <unistd.h>
| #endif
| int
| main ()
| {
| if (sizeof ((_Bool)))
| 	    return 0;
|   ;
|   return 0;
| }
configure:3397: result: yes
configure:3422: checking for a BSD-compatible install
configure:3490: result: /usr/bin/install -c
configure:3508: checking whether build environment is sane
configure:3563: result: yes
configure:3709: checking for a thread-safe mkdir -p
configure:3748: result: /usr/bin/mkdir -p
configure:3755: checking for gawk
configure:3785: result: no
configure:3755: checking for mawk
configure:3771: found /usr/bin/mawk
configure:3782: result: mawk
configure:3793: checking whether make sets $(MAKE)
configure:3815: result: yes
configure:3837: checking whether make supports the include directive
configure:3852: make -f confmf.GNU && cat confinc.out
this is the am__doit target
configure:3855: $? = 0
configure:3874: result: yes (GNU style)
configure:3907: checking whether make supports nested variables
configure:3924: result: yes
configure:4009: checking dependency style of gcc
configure:4120: result: gcc3
configure:4238: checking for g++
configure:4254: found /usr/bin/g++
configure:4265: result: g++
configure:4292: checking for C++ compiler version
configure:4301: g++ --version >&5
g++ (Ubuntu 9.3.0-17ubuntu1~20.04) 9.3.0
Copyright (C) 2019 Free Software Foundation, Inc.
This is free software; see the source for copying conditions.  There is NO
warranty; not even for MERCHANTABILITY or FITNESS FOR A PARTICULAR PURPOSE.

configure:4312: $? = 0
configure:4301: g++ -v >&5
Using built-in specs.
COLLECT_GCC=g++
COLLECT_LTO_WRAPPER=/usr/lib/gcc/x86_64-linux-gnu/9/lto-wrapper
OFFLOAD_TARGET_NAMES=nvptx-none:hsa
OFFLOAD_TARGET_DEFAULT=1
Target: x86_64-linux-gnu
Configured with: ../src/configure -v --with-pkgversion='Ubuntu 9.3.0-17ubuntu1~20.04' --with-bugurl=file:///usr/share/doc/gcc-9/README.Bugs --enable-languages=c,ada,c++,go,brig,d,fortran,objc,obj-c++,gm2 --prefix=/usr --with-gcc-major-version-only --program-suffix=-9 --program-prefix=x86_64-linux-gnu- --enable-shared --enable-linker-build-id --libexecdir=/usr/lib --without-included-gettext --enable-threads=posix --libdir=/usr/lib --enable-nls --enable-clocale=gnu --enable-libstdcxx-debug --enable-libstdcxx-time=yes --with-default-libstdcxx-abi=new --enable-gnu-unique-object --disable-vtable-verify --enable-plugin --enable-default-pie --with-system-zlib --with-target-system-zlib=auto --enable-objc-gc=auto --enable-multiarch --disable-werror --with-arch-32=i686 --with-abi=m64 --with-multilib-list=m32,m64,mx32 --enable-multilib --with-tune=generic --enable-offload-targets=nvptx-none=/build/gcc-9-HskZEa/gcc-9-9.3.0/debian/tmp-nvptx/usr,hsa --without-cuda-driver --enable-checking=release --build=x86_64-linux-gnu --host=x86_64-linux-gnu --target=x86_64-linux-gnu
Thread model: posix
gcc version 9.3.0 (Ubuntu 9.3.0-17ubuntu1~20.04) 
configure:4312: $? = 0
configure:4301: g++ -V >&5
g++: error: unrecognized command line option '-V'
g++: fatal error: no input files
compilation terminated.
configure:4312: $? = 1
configure:4301: g++ -qversion >&5
g++: error: unrecognized command line option '-qversion'; did you mean '--version'?
g++: fatal error: no input files
compilation terminated.
configure:4312: $? = 1
configure:4316: checking whether we are using the GNU C++ compiler
configure:4335: g++ -c   conftest.cpp >&5
configure:4335: $? = 0
configure:4344: result: yes
configure:4353: checking whether g++ accepts -g
configure:4373: g++ -c -g  conftest.cpp >&5
configure:4373: $? = 0
configure:4414: result: yes
configure:4439: checking dependency style of g++
configure:4550: result: gcc3
configure:4570: checking how to run the C preprocessor
configure:4640: result: gcc -E
configure:4660: gcc -E  conftest.c
configure:4660: $? = 0
configure:4674: gcc -E  conftest.c
conftest.c:22:10: fatal error: ac_nonexistent.h: No such file or directory
   22 | #include <ac_nonexistent.h>
      |          ^~~~~~~~~~~~~~~~~~
compilation terminated.
configure:4674: $? = 1
configure: failed program was:
| /* confdefs.h */
| #define PACKAGE_NAME "tag"
| #define PACKAGE_TARNAME "tag"
| #define PACKAGE_VERSION "0.01"
| #define PACKAGE_STRING "tag 0.01"
| #define PACKAGE_BUGREPORT "brian8181@gmail.com"
| #define PACKAGE_URL "http://brian8181.com"
| #define STDC_HEADERS 1
| #define HAVE_SYS_TYPES_H 1
| #define HAVE_SYS_STAT_H 1
| #define HAVE_STDLIB_H 1
| #define HAVE_STRING_H 1
| #define HAVE_MEMORY_H 1
| #define HAVE_STRINGS_H 1
| #define HAVE_INTTYPES_H 1
| #define HAVE_STDINT_H 1
| #define HAVE_UNISTD_H 1
| #define HAVE__BOOL 1
| #define PACKAGE "tag"
| #define VERSION "0.01"
| /* end confdefs.h.  */
| #include <ac_nonexistent.h>
configure:4808: checking that generated files are newer than configure
configure:4814: result: done
configure:4841: creating ./config.status

## ---------------------- ##
## Running config.status. ##
## ---------------------- ##

This file was extended by tag config.status 0.01, which was
generated by GNU Autoconf 2.69.  Invocation command line was

  CONFIG_FILES    = 
  CONFIG_HEADERS  = 
  CONFIG_LINKS    = 
  CONFIG_COMMANDS = 
  $ ./config.status 

on fire

config.status:857: creating Makefile
config.status:857: creating config.h
config.status:1038: config.h is unchanged
config.status:1086: executing depfiles commands
config.status:1163: cd .       && sed -e '/# am--include-marker/d' Makefile         | make -f - am--depfiles
make: Nothing to be done for 'am--depfiles'.
config.status:1168: $? = 0

## ---------------- ##
## Cache variables. ##
## ---------------- ##

ac_cv_c_compiler_gnu=yes
ac_cv_cxx_compiler_gnu=yes
ac_cv_env_CCC_set=
ac_cv_env_CCC_value=
ac_cv_env_CC_set=
ac_cv_env_CC_value=
ac_cv_env_CFLAGS_set=
ac_cv_env_CFLAGS_value=
ac_cv_env_CPPFLAGS_set=
ac_cv_env_CPPFLAGS_value=
ac_cv_env_CPP_set=
ac_cv_env_CPP_value=
ac_cv_env_CXXFLAGS_set=
ac_cv_env_CXXFLAGS_value=
ac_cv_env_CXX_set=
ac_cv_env_CXX_value=
ac_cv_env_LDFLAGS_set=
ac_cv_env_LDFLAGS_value=
ac_cv_env_LIBS_set=
ac_cv_env_LIBS_value=
ac_cv_env_build_alias_set=
ac_cv_env_build_alias_value=
ac_cv_env_host_alias_set=
ac_cv_env_host_alias_value=
ac_cv_env_target_alias_set=
ac_cv_env_target_alias_value=
ac_cv_header_inttypes_h=yes
ac_cv_header_memory_h=yes
ac_cv_header_stdbool_h=yes
ac_cv_header_stdc=yes
ac_cv_header_stdint_h=yes
ac_cv_header_stdlib_h=yes
ac_cv_header_string_h=yes
ac_cv_header_strings_h=yes
ac_cv_header_sys_stat_h=yes
ac_cv_header_sys_types_h=yes
ac_cv_header_unistd_h=yes
ac_cv_objext=o
ac_cv_path_EGREP='/usr/bin/grep -E'
ac_cv_path_GREP=/usr/bin/grep
ac_cv_path_install='/usr/bin/install -c'
ac_cv_path_mkdir=/usr/bin/mkdir
ac_cv_prog_AWK=mawk
ac_cv_prog_CPP='gcc -E'
ac_cv_prog_ac_ct_CC=gcc
ac_cv_prog_ac_ct_CXX=g++
ac_cv_prog_cc_c89=
ac_cv_prog_cc_g=yes
ac_cv_prog_cxx_g=yes
ac_cv_prog_make_make_set=yes
ac_cv_type__Bool=yes
am_cv_CC_dependencies_compiler_type=gcc3
am_cv_CXX_dependencies_compiler_type=gcc3
am_cv_make_support_nested_variables=yes
am_cv_prog_cc_c_o=yes

## ----------------- ##
## Output variables. ##
## ----------------- ##

ACLOCAL='${SHELL} /home/brian/src/tag/missing aclocal-1.16'
AMDEPBACKSLASH='\'
AMDEP_FALSE='#'
AMDEP_TRUE=''
AMTAR='$${TAR-tar}'
AM_BACKSLASH='\'
AM_DEFAULT_V='$(AM_DEFAULT_VERBOSITY)'
AM_DEFAULT_VERBOSITY='1'
AM_V='$(V)'
AUTOCONF='${SHELL} /home/brian/src/tag/missing autoconf'
AUTOHEADER='${SHELL} /home/brian/src/tag/missing autoheader'
AUTOMAKE='${SHELL} /home/brian/src/tag/missing automake-1.16'
AWK='mawk'
CC='gcc'
CCDEPMODE='depmode=gcc3'
CFLAGS='-g -O2'
CPP='gcc -E'
CPPFLAGS=''
CXX='g++'
CXXDEPMODE='depmode=gcc3'
CXXFLAGS='-g -O2'
CYGPATH_W='echo'
DEFS='-DHAVE_CONFIG_H'
DEPDIR='.deps'
ECHO_C=''
ECHO_N='-n'
ECHO_T=''
EGREP='/usr/bin/grep -E'
EXEEXT=''
GREP='/usr/bin/grep'
INSTALL_DATA='${INSTALL} -m 644'
INSTALL_PROGRAM='${INSTALL}'
INSTALL_SCRIPT='${INSTALL}'
INSTALL_STRIP_PROGRAM='$(install_sh) -c -s'
LDFLAGS=''
LIBOBJS=''
LIBS=''
LTLIBOBJS=''
MAKEINFO='${SHELL} /home/brian/src/tag/missing makeinfo'
MKDIR_P='/usr/bin/mkdir -p'
OBJEXT='o'
PACKAGE='tag'
PACKAGE_BUGREPORT='brian8181@gmail.com'
PACKAGE_NAME='tag'
PACKAGE_STRING='tag 0.01'
PACKAGE_TARNAME='tag'
PACKAGE_URL='http://brian8181.com'
PACKAGE_VERSION='0.01'
PATH_SEPARATOR=':'
SET_MAKE=''
SHELL='/bin/bash'
STRIP=''
VERSION='0.01'
ac_ct_CC='gcc'
ac_ct_CXX='g++'
am__EXEEXT_FALSE=''
am__EXEEXT_TRUE='#'
am__fastdepCC_FALSE='#'
am__fastdepCC_TRUE=''
am__fastdepCXX_FALSE='#'
am__fastdepCXX_TRUE=''
am__include='include'
am__isrc=''
am__leading_dot='.'
am__nodep='_no'
am__quote=''
am__tar='$${TAR-tar} chof - "$$tardir"'
am__untar='$${TAR-tar} xf -'
bindir='${exec_prefix}/bin'
build_alias=''
datadir='${datarootdir}'
datarootdir='${prefix}/share'
docdir='${datarootdir}/doc/${PACKAGE_TARNAME}'
dvidir='${docdir}'
exec_prefix='${prefix}'
host_alias=''
htmldir='${docdir}'
includedir='${prefix}/include'
infodir='${datarootdir}/info'
install_sh='${SHELL} /home/brian/src/tag/install-sh'
libdir='${exec_prefix}/lib'
libexecdir='${exec_prefix}/libexec'
localedir='${datarootdir}/locale'
localstatedir='${prefix}/var'
mandir='${datarootdir}/man'
mkdir_p='$(MKDIR_P)'
oldincludedir='/usr/include'
pdfdir='${docdir}'
prefix='/usr/local'
program_transform_name='s,x,x,'
psdir='${docdir}'
runstatedir='${localstatedir}/run'
sbindir='${exec_prefix}/sbin'
sharedstatedir='${prefix}/com'
sysconfdir='${prefix}/etc'
target_alias=''

## ----------- ##
## confdefs.h. ##
## ----------- ##

/* confdefs.h */
#define PACKAGE_NAME "tag"
#define PACKAGE_TARNAME "tag"
#define PACKAGE_VERSION "0.01"
#define PACKAGE_STRING "tag 0.01"
#define PACKAGE_BUGREPORT "brian8181@gmail.com"
#define PACKAGE_URL "http://brian8181.com"
#define STDC_HEADERS 1
#define HAVE_SYS_TYPES_H 1
#define HAVE_SYS_STAT_H 1
#define HAVE_STDLIB_H 1
#define HAVE_STRING_H 1
#define HAVE_MEMORY_H 1
#define HAVE_STRINGS_H 1
#define HAVE_INTTYPES_H 1
#define HAVE_STDINT_H 1
#define HAVE_UNISTD_H 1
#define HAVE__BOOL 1
#define PACKAGE "tag"
#define VERSION "0.01"

configure: exit 0
